This is pdfTeX, Version 3.141592653-2.6-1.40.25 (TeX Live 2023) (preloaded format=pdflatex 2023.8.29)  30 SEP 2023 15:43
entering extended mode
 restricted \write18 enabled.
 file:line:error style messages enabled.
 %&-line parsing enabled.
**Untitled.tex
(./Untitled.tex
LaTeX2e <2022-11-01> patch level 1
L3 programming layer <2023-02-22>
(/usr/local/texlive/2023/texmf-dist/tex/latex/base/article.cls
Document Class: article 2022/07/02 v1.4n Standard LaTeX document class
(/usr/local/texlive/2023/texmf-dist/tex/latex/base/size11.clo
File: size11.clo 2022/07/02 v1.4n Standard LaTeX file (size option)
)
\c@part=\count185
\c@section=\count186
\c@subsection=\count187
\c@subsubsection=\count188
\c@paragraph=\count189
\c@subparagraph=\count190
\c@figure=\count191
\c@table=\count192
\abovecaptionskip=\skip48
\belowcaptionskip=\skip49
\bibindent=\dimen140
)
(/usr/local/texlive/2023/texmf-dist/tex/latex/base/inputenc.sty
Package: inputenc 2021/02/14 v1.3d Input encoding file
\inpenc@prehook=\toks16
\inpenc@posthook=\toks17
)
(/usr/local/texlive/2023/texmf-dist/tex/latex/l3backend/l3backend-pdftex.def
File: l3backend-pdftex.def 2023-01-16 L3 backend support: PDF output (pdfTeX)
\l__color_backend_stack_int=\count193
\l__pdf_internal_box=\box51
)
(./Untitled.aux)
\openout1 = `Untitled.aux'.

LaTeX Font Info:    Checking defaults for OML/cmm/m/it on input line 6.
LaTeX Font Info:    ... okay on input line 6.
LaTeX Font Info:    Checking defaults for OMS/cmsy/m/n on input line 6.
LaTeX Font Info:    ... okay on input line 6.
LaTeX Font Info:    Checking defaults for OT1/cmr/m/n on input line 6.
LaTeX Font Info:    ... okay on input line 6.
LaTeX Font Info:    Checking defaults for T1/cmr/m/n on input line 6.
LaTeX Font Info:    ... okay on input line 6.
LaTeX Font Info:    Checking defaults for TS1/cmr/m/n on input line 6.
LaTeX Font Info:    ... okay on input line 6.
LaTeX Font Info:    Checking defaults for OMX/cmex/m/n on input line 6.
LaTeX Font Info:    ... okay on input line 6.
LaTeX Font Info:    Checking defaults for U/cmr/m/n on input line 6.
LaTeX Font Info:    ... okay on input line 6.
LaTeX Font Info:    External font `cmex10' loaded for size
(Font)              <12> on input line 14.
LaTeX Font Info:    External font `cmex10' loaded for size
(Font)              <8> on input line 14.
LaTeX Font Info:    External font `cmex10' loaded for size
(Font)              <6> on input line 14.
 [1

{/usr/local/texlive/2023/texmf-var/fonts/map/pdftex/updmap/pdftex.map}]
Overfull \hbox (111.3924pt too wide) in paragraph at lines 107--107
[]                \OT1/cmtt/m/n/10.95 // Traverse the tree to find the correct 
position for the new node[] 
 []


Overfull \hbox (42.40814pt too wide) in paragraph at lines 107--107
[]                        \OT1/cmtt/m/n/10.95 // If the key already exists, upd
ate the value[] 
 []


Overfull \hbox (65.4029pt too wide) in paragraph at lines 107--107
[]                        \OT1/cmtt/m/n/10.95 // If the key is smaller, move to
 the left subtree[] 
 []

[2]
Overfull \hbox (65.4029pt too wide) in paragraph at lines 107--107
[]                            \OT1/cmtt/m/n/10.95 // If the left node is null, 
insert a new node[] 
 []


Overfull \hbox (76.90027pt too wide) in paragraph at lines 107--107
[]                            \OT1/cmtt/m/n/10.95 break;  // Break out of the l
oop after insertion[] 
 []


Overfull \hbox (65.4029pt too wide) in paragraph at lines 107--107
[]                        \OT1/cmtt/m/n/10.95 // If the key is larger, move to 
the right subtree[] 
 []


Overfull \hbox (71.15158pt too wide) in paragraph at lines 107--107
[]                            \OT1/cmtt/m/n/10.95 // If the right node is null,
 insert a new node[] 
 []


Overfull \hbox (76.90027pt too wide) in paragraph at lines 107--107
[]                            \OT1/cmtt/m/n/10.95 break;  // Break out of the l
oop after insertion[] 
 []


Overfull \hbox (2.16733pt too wide) in paragraph at lines 107--107
[]                \OT1/cmtt/m/n/10.95 // If the tree is empty, create a new roo
t node[] 
 []


Overfull \hbox (30.91077pt too wide) in paragraph at lines 130--130
[]                \OT1/cmtt/m/n/10.95 stack = new Stack<Node>(); //initializes 
a new stack[] 
 []

[3]
Overfull \hbox (105.6437pt too wide) in paragraph at lines 130--130
[]                    \OT1/cmtt/m/n/10.95 stack.push(next); //push the nodes on
 the stack as we go down[] 
 []


Overfull \hbox (13.6647pt too wide) in paragraph at lines 130--130
[]                    \OT1/cmtt/m/n/10.95 next = next.left; // go down to leftm
ost leaf[] 
 []


Overfull \hbox (71.15158pt too wide) in paragraph at lines 141--141
[]                \OT1/cmtt/m/n/10.95 // returns true if next isn't null; retur
ns false otherwise[] 
 []


Overfull \hbox (88.39764pt too wide) in paragraph at lines 173--173
[]          \OT1/cmtt/m/n/10.95 throw new NoSuchElementException(); //Checks if
 there is a next node[] 
 []


Overfull \hbox (42.40814pt too wide) in paragraph at lines 173--173
[]     \OT1/cmtt/m/n/10.95 Node current = stack.peek(); //current node is set t
o parent node[] 
 []


Overfull \hbox (13.6647pt too wide) in paragraph at lines 173--173
[]     \OT1/cmtt/m/n/10.95 Node nxtVal = stack.pop(); // node that we want the 
value of[] 
 []


Overfull \hbox (53.90552pt too wide) in paragraph at lines 173--173
[]     \OT1/cmtt/m/n/10.95 if(current.right != null){ //checks if next node has
 a right branch[] 
 []


Overfull \hbox (25.16208pt too wide) in paragraph at lines 173--173
[]         \OT1/cmtt/m/n/10.95 current = current.right; // if yes, we move to t
hat branch[] 
 []


Overfull \hbox (105.6437pt too wide) in paragraph at lines 173--173
[]             \OT1/cmtt/m/n/10.95 while (current != null){ //move to leftmost 
node of the right branch[] 
 []


Overfull \hbox (25.16208pt too wide) in paragraph at lines 173--173
[]     \OT1/cmtt/m/n/10.95 if(stack.isEmpty()){ //checks if we have reached the
 last node[] 
 []

[4]
Overfull \hbox (65.4029pt too wide) in paragraph at lines 173--173
[]        \OT1/cmtt/m/n/10.95 //return to the parent node and keep traversing i
n ascending order[] 
 []

LaTeX Font Info:    External font `cmex10' loaded for size
(Font)              <10.95> on input line 194.
[5] (./Untitled.aux) ) 
Here is how much of TeX's memory you used:
 496 strings out of 476025
 9479 string characters out of 5790017
 1866388 words of memory out of 5000000
 21015 multiletter control sequences out of 15000+600000
 517933 words of font info for 51 fonts, out of 8000000 for 9000
 1141 hyphenation exceptions out of 8191
 33i,8n,38p,466b,298s stack positions out of 10000i,1000n,20000p,200000b,200000s
</usr/local/texlive/2023/texmf-dist/fonts/type1/public/am
sfonts/cm/cmbx10.pfb></usr/local/texlive/2023/texmf-dist/fonts/type1/public/ams
fonts/cm/cmbx12.pfb></usr/local/texlive/2023/texmf-dist/fonts/type1/public/amsf
onts/cm/cmmi10.pfb></usr/local/texlive/2023/texmf-dist/fonts/type1/public/amsfo
nts/cm/cmr10.pfb></usr/local/texlive/2023/texmf-dist/fonts/type1/public/amsfont
s/cm/cmr12.pfb></usr/local/texlive/2023/texmf-dist/fonts/type1/public/amsfonts/
cm/cmtt10.pfb>
Output written on Untitled.pdf (5 pages, 91729 bytes).
PDF statistics:
 50 PDF objects out of 1000 (max. 8388607)
 30 compressed objects within 1 object stream
 0 named destinations out of 1000 (max. 500000)
 1 words of extra memory for PDF output out of 10000 (max. 10000000)

